<?xml version="1.0" encoding="UTF-8"?>
<!-- Generated by org.testng.reporters.JUnitReportReporter -->
<testsuite hostname="LAPTOP-0BB0KG2O" failures="0" tests="1" name="driverFactory.AppTest" time="48.919" errors="0" timestamp="2023-09-29T11:48:44 IST" skipped="0">
  <testcase classname="driverFactory.AppTest" name="kickStart" time="48.919"/>
  <system-out/>
</testsuite> <!-- driverFactory.AppTest -->
